0 info it worked if it ends with ok
1 verbose cli [ '/root/.nvm/v0.10.13/bin/node',
1 verbose cli   '/root/.nvm/v0.10.13/bin/npm',
1 verbose cli   'install' ]
2 info using npm@1.3.2
3 info using node@v0.10.13
4 verbose readDependencies using package.json deps
5 verbose install where, deps [ '/opt/lampp/htdocs/shf',
5 verbose install   [ 'ajv',
5 verbose install     'ajv-keywords',
5 verbose install     'npm',
5 verbose install     'autosize',
5 verbose install     'bootstrap',
5 verbose install     'chart.js',
5 verbose install     'clipboard',
5 verbose install     'cross-env',
5 verbose install     'font-awesome',
5 verbose install     'highlight.js',
5 verbose install     'jquery',
5 verbose install     'jquery-bridget',
5 verbose install     'laravel-mix',
5 verbose install     'magnific-popup',
5 verbose install     'masonry-layout',
5 verbose install     'node-sass',
5 verbose install     'popper.js',
5 verbose install     'simplemde',
5 verbose install     'smooth-scroll',
5 verbose install     'uppy' ] ]
6 info preinstall @
7 verbose readDependencies using package.json deps
8 verbose cache add [ 'uppy@^0.24.2', null ]
9 verbose cache add name=undefined spec="uppy@^0.24.2" args=["uppy@^0.24.2",null]
10 verbose parsed url { protocol: null,
10 verbose parsed url   slashes: null,
10 verbose parsed url   auth: null,
10 verbose parsed url   host: null,
10 verbose parsed url   port: null,
10 verbose parsed url   hostname: null,
10 verbose parsed url   hash: null,
10 verbose parsed url   search: null,
10 verbose parsed url   query: null,
10 verbose parsed url   pathname: 'uppy@^0.24.2',
10 verbose parsed url   path: 'uppy@^0.24.2',
10 verbose parsed url   href: 'uppy@^0.24.2' }
11 verbose cache add name="uppy" spec="^0.24.2" args=["uppy","^0.24.2"]
12 verbose parsed url { protocol: null,
12 verbose parsed url   slashes: null,
12 verbose parsed url   auth: null,
12 verbose parsed url   host: null,
12 verbose parsed url   port: null,
12 verbose parsed url   hostname: null,
12 verbose parsed url   hash: null,
12 verbose parsed url   search: null,
12 verbose parsed url   query: null,
12 verbose parsed url   pathname: '^0.24.2',
12 verbose parsed url   path: '^0.24.2',
12 verbose parsed url   href: '^0.24.2' }
13 verbose addNamed [ 'uppy', '^0.24.2' ]
14 verbose addNamed [ null, null ]
15 verbose cache add [ 'simplemde@^1.11.2', null ]
16 verbose cache add name=undefined spec="simplemde@^1.11.2" args=["simplemde@^1.11.2",null]
17 verbose parsed url { protocol: null,
17 verbose parsed url   slashes: null,
17 verbose parsed url   auth: null,
17 verbose parsed url   host: null,
17 verbose parsed url   port: null,
17 verbose parsed url   hostname: null,
17 verbose parsed url   hash: null,
17 verbose parsed url   search: null,
17 verbose parsed url   query: null,
17 verbose parsed url   pathname: 'simplemde@^1.11.2',
17 verbose parsed url   path: 'simplemde@^1.11.2',
17 verbose parsed url   href: 'simplemde@^1.11.2' }
18 verbose cache add name="simplemde" spec="^1.11.2" args=["simplemde","^1.11.2"]
19 verbose parsed url { protocol: null,
19 verbose parsed url   slashes: null,
19 verbose parsed url   auth: null,
19 verbose parsed url   host: null,
19 verbose parsed url   port: null,
19 verbose parsed url   hostname: null,
19 verbose parsed url   hash: null,
19 verbose parsed url   search: null,
19 verbose parsed url   query: null,
19 verbose parsed url   pathname: '^1.11.2',
19 verbose parsed url   path: '^1.11.2',
19 verbose parsed url   href: '^1.11.2' }
20 verbose addNamed [ 'simplemde', '^1.11.2' ]
21 verbose addNamed [ null, null ]
22 verbose cache add [ 'smooth-scroll@^14.2.0', null ]
23 verbose cache add name=undefined spec="smooth-scroll@^14.2.0" args=["smooth-scroll@^14.2.0",null]
24 verbose parsed url { protocol: null,
24 verbose parsed url   slashes: null,
24 verbose parsed url   auth: null,
24 verbose parsed url   host: null,
24 verbose parsed url   port: null,
24 verbose parsed url   hostname: null,
24 verbose parsed url   hash: null,
24 verbose parsed url   search: null,
24 verbose parsed url   query: null,
24 verbose parsed url   pathname: 'smooth-scroll@^14.2.0',
24 verbose parsed url   path: 'smooth-scroll@^14.2.0',
24 verbose parsed url   href: 'smooth-scroll@^14.2.0' }
25 verbose cache add name="smooth-scroll" spec="^14.2.0" args=["smooth-scroll","^14.2.0"]
26 verbose parsed url { protocol: null,
26 verbose parsed url   slashes: null,
26 verbose parsed url   auth: null,
26 verbose parsed url   host: null,
26 verbose parsed url   port: null,
26 verbose parsed url   hostname: null,
26 verbose parsed url   hash: null,
26 verbose parsed url   search: null,
26 verbose parsed url   query: null,
26 verbose parsed url   pathname: '^14.2.0',
26 verbose parsed url   path: '^14.2.0',
26 verbose parsed url   href: '^14.2.0' }
27 verbose addNamed [ 'smooth-scroll', '^14.2.0' ]
28 verbose addNamed [ null, null ]
29 verbose cache add [ 'ajv@^6.10.2', null ]
30 verbose cache add name=undefined spec="ajv@^6.10.2" args=["ajv@^6.10.2",null]
31 verbose parsed url { protocol: null,
31 verbose parsed url   slashes: null,
31 verbose parsed url   auth: null,
31 verbose parsed url   host: null,
31 verbose parsed url   port: null,
31 verbose parsed url   hostname: null,
31 verbose parsed url   hash: null,
31 verbose parsed url   search: null,
31 verbose parsed url   query: null,
31 verbose parsed url   pathname: 'ajv@^6.10.2',
31 verbose parsed url   path: 'ajv@^6.10.2',
31 verbose parsed url   href: 'ajv@^6.10.2' }
32 verbose cache add name="ajv" spec="^6.10.2" args=["ajv","^6.10.2"]
33 verbose parsed url { protocol: null,
33 verbose parsed url   slashes: null,
33 verbose parsed url   auth: null,
33 verbose parsed url   host: null,
33 verbose parsed url   port: null,
33 verbose parsed url   hostname: null,
33 verbose parsed url   hash: null,
33 verbose parsed url   search: null,
33 verbose parsed url   query: null,
33 verbose parsed url   pathname: '^6.10.2',
33 verbose parsed url   path: '^6.10.2',
33 verbose parsed url   href: '^6.10.2' }
34 verbose addNamed [ 'ajv', '^6.10.2' ]
35 verbose addNamed [ null, null ]
36 verbose cache add [ 'ajv-keywords@^3.4.0', null ]
37 verbose cache add name=undefined spec="ajv-keywords@^3.4.0" args=["ajv-keywords@^3.4.0",null]
38 verbose parsed url { protocol: null,
38 verbose parsed url   slashes: null,
38 verbose parsed url   auth: null,
38 verbose parsed url   host: null,
38 verbose parsed url   port: null,
38 verbose parsed url   hostname: null,
38 verbose parsed url   hash: null,
38 verbose parsed url   search: null,
38 verbose parsed url   query: null,
38 verbose parsed url   pathname: 'ajv-keywords@^3.4.0',
38 verbose parsed url   path: 'ajv-keywords@^3.4.0',
38 verbose parsed url   href: 'ajv-keywords@^3.4.0' }
39 verbose cache add name="ajv-keywords" spec="^3.4.0" args=["ajv-keywords","^3.4.0"]
40 verbose parsed url { protocol: null,
40 verbose parsed url   slashes: null,
40 verbose parsed url   auth: null,
40 verbose parsed url   host: null,
40 verbose parsed url   port: null,
40 verbose parsed url   hostname: null,
40 verbose parsed url   hash: null,
40 verbose parsed url   search: null,
40 verbose parsed url   query: null,
40 verbose parsed url   pathname: '^3.4.0',
40 verbose parsed url   path: '^3.4.0',
40 verbose parsed url   href: '^3.4.0' }
41 verbose addNamed [ 'ajv-keywords', '^3.4.0' ]
42 verbose addNamed [ null, null ]
43 verbose cache add [ 'npm@^6.1.0', null ]
44 verbose cache add name=undefined spec="npm@^6.1.0" args=["npm@^6.1.0",null]
45 verbose parsed url { protocol: null,
45 verbose parsed url   slashes: null,
45 verbose parsed url   auth: null,
45 verbose parsed url   host: null,
45 verbose parsed url   port: null,
45 verbose parsed url   hostname: null,
45 verbose parsed url   hash: null,
45 verbose parsed url   search: null,
45 verbose parsed url   query: null,
45 verbose parsed url   pathname: 'npm@^6.1.0',
45 verbose parsed url   path: 'npm@^6.1.0',
45 verbose parsed url   href: 'npm@^6.1.0' }
46 verbose cache add name="npm" spec="^6.1.0" args=["npm","^6.1.0"]
47 verbose parsed url { protocol: null,
47 verbose parsed url   slashes: null,
47 verbose parsed url   auth: null,
47 verbose parsed url   host: null,
47 verbose parsed url   port: null,
47 verbose parsed url   hostname: null,
47 verbose parsed url   hash: null,
47 verbose parsed url   search: null,
47 verbose parsed url   query: null,
47 verbose parsed url   pathname: '^6.1.0',
47 verbose parsed url   path: '^6.1.0',
47 verbose parsed url   href: '^6.1.0' }
48 verbose addNamed [ 'npm', '^6.1.0' ]
49 verbose addNamed [ null, null ]
50 verbose cache add [ 'autosize@^4.0.2', null ]
51 verbose cache add name=undefined spec="autosize@^4.0.2" args=["autosize@^4.0.2",null]
52 verbose parsed url { protocol: null,
52 verbose parsed url   slashes: null,
52 verbose parsed url   auth: null,
52 verbose parsed url   host: null,
52 verbose parsed url   port: null,
52 verbose parsed url   hostname: null,
52 verbose parsed url   hash: null,
52 verbose parsed url   search: null,
52 verbose parsed url   query: null,
52 verbose parsed url   pathname: 'autosize@^4.0.2',
52 verbose parsed url   path: 'autosize@^4.0.2',
52 verbose parsed url   href: 'autosize@^4.0.2' }
53 verbose cache add name="autosize" spec="^4.0.2" args=["autosize","^4.0.2"]
54 verbose parsed url { protocol: null,
54 verbose parsed url   slashes: null,
54 verbose parsed url   auth: null,
54 verbose parsed url   host: null,
54 verbose parsed url   port: null,
54 verbose parsed url   hostname: null,
54 verbose parsed url   hash: null,
54 verbose parsed url   search: null,
54 verbose parsed url   query: null,
54 verbose parsed url   pathname: '^4.0.2',
54 verbose parsed url   path: '^4.0.2',
54 verbose parsed url   href: '^4.0.2' }
55 verbose addNamed [ 'autosize', '^4.0.2' ]
56 verbose addNamed [ null, null ]
57 verbose cache add [ 'bootstrap@^4.1.1', null ]
58 verbose cache add name=undefined spec="bootstrap@^4.1.1" args=["bootstrap@^4.1.1",null]
59 verbose parsed url { protocol: null,
59 verbose parsed url   slashes: null,
59 verbose parsed url   auth: null,
59 verbose parsed url   host: null,
59 verbose parsed url   port: null,
59 verbose parsed url   hostname: null,
59 verbose parsed url   hash: null,
59 verbose parsed url   search: null,
59 verbose parsed url   query: null,
59 verbose parsed url   pathname: 'bootstrap@^4.1.1',
59 verbose parsed url   path: 'bootstrap@^4.1.1',
59 verbose parsed url   href: 'bootstrap@^4.1.1' }
60 verbose cache add name="bootstrap" spec="^4.1.1" args=["bootstrap","^4.1.1"]
61 verbose parsed url { protocol: null,
61 verbose parsed url   slashes: null,
61 verbose parsed url   auth: null,
61 verbose parsed url   host: null,
61 verbose parsed url   port: null,
61 verbose parsed url   hostname: null,
61 verbose parsed url   hash: null,
61 verbose parsed url   search: null,
61 verbose parsed url   query: null,
61 verbose parsed url   pathname: '^4.1.1',
61 verbose parsed url   path: '^4.1.1',
61 verbose parsed url   href: '^4.1.1' }
62 verbose addNamed [ 'bootstrap', '^4.1.1' ]
63 verbose addNamed [ null, null ]
64 verbose cache add [ 'chart.js@^2.7.2', null ]
65 verbose cache add name=undefined spec="chart.js@^2.7.2" args=["chart.js@^2.7.2",null]
66 verbose parsed url { protocol: null,
66 verbose parsed url   slashes: null,
66 verbose parsed url   auth: null,
66 verbose parsed url   host: null,
66 verbose parsed url   port: null,
66 verbose parsed url   hostname: null,
66 verbose parsed url   hash: null,
66 verbose parsed url   search: null,
66 verbose parsed url   query: null,
66 verbose parsed url   pathname: 'chart.js@^2.7.2',
66 verbose parsed url   path: 'chart.js@^2.7.2',
66 verbose parsed url   href: 'chart.js@^2.7.2' }
67 verbose cache add name="chart.js" spec="^2.7.2" args=["chart.js","^2.7.2"]
68 verbose parsed url { protocol: null,
68 verbose parsed url   slashes: null,
68 verbose parsed url   auth: null,
68 verbose parsed url   host: null,
68 verbose parsed url   port: null,
68 verbose parsed url   hostname: null,
68 verbose parsed url   hash: null,
68 verbose parsed url   search: null,
68 verbose parsed url   query: null,
68 verbose parsed url   pathname: '^2.7.2',
68 verbose parsed url   path: '^2.7.2',
68 verbose parsed url   href: '^2.7.2' }
69 verbose addNamed [ 'chart.js', '^2.7.2' ]
70 verbose addNamed [ null, null ]
71 verbose cache add [ 'clipboard@^1.7.1', null ]
72 verbose cache add name=undefined spec="clipboard@^1.7.1" args=["clipboard@^1.7.1",null]
73 verbose parsed url { protocol: null,
73 verbose parsed url   slashes: null,
73 verbose parsed url   auth: null,
73 verbose parsed url   host: null,
73 verbose parsed url   port: null,
73 verbose parsed url   hostname: null,
73 verbose parsed url   hash: null,
73 verbose parsed url   search: null,
73 verbose parsed url   query: null,
73 verbose parsed url   pathname: 'clipboard@^1.7.1',
73 verbose parsed url   path: 'clipboard@^1.7.1',
73 verbose parsed url   href: 'clipboard@^1.7.1' }
74 verbose cache add name="clipboard" spec="^1.7.1" args=["clipboard","^1.7.1"]
75 verbose parsed url { protocol: null,
75 verbose parsed url   slashes: null,
75 verbose parsed url   auth: null,
75 verbose parsed url   host: null,
75 verbose parsed url   port: null,
75 verbose parsed url   hostname: null,
75 verbose parsed url   hash: null,
75 verbose parsed url   search: null,
75 verbose parsed url   query: null,
75 verbose parsed url   pathname: '^1.7.1',
75 verbose parsed url   path: '^1.7.1',
75 verbose parsed url   href: '^1.7.1' }
76 verbose addNamed [ 'clipboard', '^1.7.1' ]
77 verbose addNamed [ null, null ]
78 verbose cache add [ 'cross-env@^5.1.6', null ]
79 verbose cache add name=undefined spec="cross-env@^5.1.6" args=["cross-env@^5.1.6",null]
80 verbose parsed url { protocol: null,
80 verbose parsed url   slashes: null,
80 verbose parsed url   auth: null,
80 verbose parsed url   host: null,
80 verbose parsed url   port: null,
80 verbose parsed url   hostname: null,
80 verbose parsed url   hash: null,
80 verbose parsed url   search: null,
80 verbose parsed url   query: null,
80 verbose parsed url   pathname: 'cross-env@^5.1.6',
80 verbose parsed url   path: 'cross-env@^5.1.6',
80 verbose parsed url   href: 'cross-env@^5.1.6' }
81 verbose cache add name="cross-env" spec="^5.1.6" args=["cross-env","^5.1.6"]
82 verbose parsed url { protocol: null,
82 verbose parsed url   slashes: null,
82 verbose parsed url   auth: null,
82 verbose parsed url   host: null,
82 verbose parsed url   port: null,
82 verbose parsed url   hostname: null,
82 verbose parsed url   hash: null,
82 verbose parsed url   search: null,
82 verbose parsed url   query: null,
82 verbose parsed url   pathname: '^5.1.6',
82 verbose parsed url   path: '^5.1.6',
82 verbose parsed url   href: '^5.1.6' }
83 verbose addNamed [ 'cross-env', '^5.1.6' ]
84 verbose addNamed [ null, null ]
85 verbose cache add [ 'font-awesome@^4.7.0', null ]
86 verbose cache add name=undefined spec="font-awesome@^4.7.0" args=["font-awesome@^4.7.0",null]
87 verbose parsed url { protocol: null,
87 verbose parsed url   slashes: null,
87 verbose parsed url   auth: null,
87 verbose parsed url   host: null,
87 verbose parsed url   port: null,
87 verbose parsed url   hostname: null,
87 verbose parsed url   hash: null,
87 verbose parsed url   search: null,
87 verbose parsed url   query: null,
87 verbose parsed url   pathname: 'font-awesome@^4.7.0',
87 verbose parsed url   path: 'font-awesome@^4.7.0',
87 verbose parsed url   href: 'font-awesome@^4.7.0' }
88 verbose cache add name="font-awesome" spec="^4.7.0" args=["font-awesome","^4.7.0"]
89 verbose parsed url { protocol: null,
89 verbose parsed url   slashes: null,
89 verbose parsed url   auth: null,
89 verbose parsed url   host: null,
89 verbose parsed url   port: null,
89 verbose parsed url   hostname: null,
89 verbose parsed url   hash: null,
89 verbose parsed url   search: null,
89 verbose parsed url   query: null,
89 verbose parsed url   pathname: '^4.7.0',
89 verbose parsed url   path: '^4.7.0',
89 verbose parsed url   href: '^4.7.0' }
90 verbose addNamed [ 'font-awesome', '^4.7.0' ]
91 verbose addNamed [ null, null ]
92 verbose cache add [ 'highlight.js@^9.12.0', null ]
93 verbose cache add name=undefined spec="highlight.js@^9.12.0" args=["highlight.js@^9.12.0",null]
94 verbose parsed url { protocol: null,
94 verbose parsed url   slashes: null,
94 verbose parsed url   auth: null,
94 verbose parsed url   host: null,
94 verbose parsed url   port: null,
94 verbose parsed url   hostname: null,
94 verbose parsed url   hash: null,
94 verbose parsed url   search: null,
94 verbose parsed url   query: null,
94 verbose parsed url   pathname: 'highlight.js@^9.12.0',
94 verbose parsed url   path: 'highlight.js@^9.12.0',
94 verbose parsed url   href: 'highlight.js@^9.12.0' }
95 verbose cache add name="highlight.js" spec="^9.12.0" args=["highlight.js","^9.12.0"]
96 verbose parsed url { protocol: null,
96 verbose parsed url   slashes: null,
96 verbose parsed url   auth: null,
96 verbose parsed url   host: null,
96 verbose parsed url   port: null,
96 verbose parsed url   hostname: null,
96 verbose parsed url   hash: null,
96 verbose parsed url   search: null,
96 verbose parsed url   query: null,
96 verbose parsed url   pathname: '^9.12.0',
96 verbose parsed url   path: '^9.12.0',
96 verbose parsed url   href: '^9.12.0' }
97 verbose addNamed [ 'highlight.js', '^9.12.0' ]
98 verbose addNamed [ null, null ]
99 verbose cache add [ 'jquery@^3.2', null ]
100 verbose cache add name=undefined spec="jquery@^3.2" args=["jquery@^3.2",null]
101 verbose parsed url { protocol: null,
101 verbose parsed url   slashes: null,
101 verbose parsed url   auth: null,
101 verbose parsed url   host: null,
101 verbose parsed url   port: null,
101 verbose parsed url   hostname: null,
101 verbose parsed url   hash: null,
101 verbose parsed url   search: null,
101 verbose parsed url   query: null,
101 verbose parsed url   pathname: 'jquery@^3.2',
101 verbose parsed url   path: 'jquery@^3.2',
101 verbose parsed url   href: 'jquery@^3.2' }
102 verbose cache add name="jquery" spec="^3.2" args=["jquery","^3.2"]
103 verbose parsed url { protocol: null,
103 verbose parsed url   slashes: null,
103 verbose parsed url   auth: null,
103 verbose parsed url   host: null,
103 verbose parsed url   port: null,
103 verbose parsed url   hostname: null,
103 verbose parsed url   hash: null,
103 verbose parsed url   search: null,
103 verbose parsed url   query: null,
103 verbose parsed url   pathname: '^3.2',
103 verbose parsed url   path: '^3.2',
103 verbose parsed url   href: '^3.2' }
104 verbose addNamed [ 'jquery', '^3.2' ]
105 verbose addNamed [ null, null ]
106 verbose cache add [ 'jquery-bridget@^2.0.1', null ]
107 verbose cache add name=undefined spec="jquery-bridget@^2.0.1" args=["jquery-bridget@^2.0.1",null]
108 verbose parsed url { protocol: null,
108 verbose parsed url   slashes: null,
108 verbose parsed url   auth: null,
108 verbose parsed url   host: null,
108 verbose parsed url   port: null,
108 verbose parsed url   hostname: null,
108 verbose parsed url   hash: null,
108 verbose parsed url   search: null,
108 verbose parsed url   query: null,
108 verbose parsed url   pathname: 'jquery-bridget@^2.0.1',
108 verbose parsed url   path: 'jquery-bridget@^2.0.1',
108 verbose parsed url   href: 'jquery-bridget@^2.0.1' }
109 verbose cache add name="jquery-bridget" spec="^2.0.1" args=["jquery-bridget","^2.0.1"]
110 verbose parsed url { protocol: null,
110 verbose parsed url   slashes: null,
110 verbose parsed url   auth: null,
110 verbose parsed url   host: null,
110 verbose parsed url   port: null,
110 verbose parsed url   hostname: null,
110 verbose parsed url   hash: null,
110 verbose parsed url   search: null,
110 verbose parsed url   query: null,
110 verbose parsed url   pathname: '^2.0.1',
110 verbose parsed url   path: '^2.0.1',
110 verbose parsed url   href: '^2.0.1' }
111 verbose addNamed [ 'jquery-bridget', '^2.0.1' ]
112 verbose addNamed [ null, null ]
113 verbose cache add [ 'laravel-mix@^1.0', null ]
114 verbose cache add name=undefined spec="laravel-mix@^1.0" args=["laravel-mix@^1.0",null]
115 verbose parsed url { protocol: null,
115 verbose parsed url   slashes: null,
115 verbose parsed url   auth: null,
115 verbose parsed url   host: null,
115 verbose parsed url   port: null,
115 verbose parsed url   hostname: null,
115 verbose parsed url   hash: null,
115 verbose parsed url   search: null,
115 verbose parsed url   query: null,
115 verbose parsed url   pathname: 'laravel-mix@^1.0',
115 verbose parsed url   path: 'laravel-mix@^1.0',
115 verbose parsed url   href: 'laravel-mix@^1.0' }
116 verbose cache add name="laravel-mix" spec="^1.0" args=["laravel-mix","^1.0"]
117 verbose parsed url { protocol: null,
117 verbose parsed url   slashes: null,
117 verbose parsed url   auth: null,
117 verbose parsed url   host: null,
117 verbose parsed url   port: null,
117 verbose parsed url   hostname: null,
117 verbose parsed url   hash: null,
117 verbose parsed url   search: null,
117 verbose parsed url   query: null,
117 verbose parsed url   pathname: '^1.0',
117 verbose parsed url   path: '^1.0',
117 verbose parsed url   href: '^1.0' }
118 verbose addNamed [ 'laravel-mix', '^1.0' ]
119 verbose addNamed [ null, null ]
120 verbose cache add [ 'magnific-popup@^1.1.0', null ]
121 verbose cache add name=undefined spec="magnific-popup@^1.1.0" args=["magnific-popup@^1.1.0",null]
122 verbose parsed url { protocol: null,
122 verbose parsed url   slashes: null,
122 verbose parsed url   auth: null,
122 verbose parsed url   host: null,
122 verbose parsed url   port: null,
122 verbose parsed url   hostname: null,
122 verbose parsed url   hash: null,
122 verbose parsed url   search: null,
122 verbose parsed url   query: null,
122 verbose parsed url   pathname: 'magnific-popup@^1.1.0',
122 verbose parsed url   path: 'magnific-popup@^1.1.0',
122 verbose parsed url   href: 'magnific-popup@^1.1.0' }
123 verbose cache add name="magnific-popup" spec="^1.1.0" args=["magnific-popup","^1.1.0"]
124 verbose parsed url { protocol: null,
124 verbose parsed url   slashes: null,
124 verbose parsed url   auth: null,
124 verbose parsed url   host: null,
124 verbose parsed url   port: null,
124 verbose parsed url   hostname: null,
124 verbose parsed url   hash: null,
124 verbose parsed url   search: null,
124 verbose parsed url   query: null,
124 verbose parsed url   pathname: '^1.1.0',
124 verbose parsed url   path: '^1.1.0',
124 verbose parsed url   href: '^1.1.0' }
125 verbose addNamed [ 'magnific-popup', '^1.1.0' ]
126 verbose addNamed [ null, null ]
127 verbose cache add [ 'masonry-layout@^4.2.0', null ]
128 verbose cache add name=undefined spec="masonry-layout@^4.2.0" args=["masonry-layout@^4.2.0",null]
129 verbose parsed url { protocol: null,
129 verbose parsed url   slashes: null,
129 verbose parsed url   auth: null,
129 verbose parsed url   host: null,
129 verbose parsed url   port: null,
129 verbose parsed url   hostname: null,
129 verbose parsed url   hash: null,
129 verbose parsed url   search: null,
129 verbose parsed url   query: null,
129 verbose parsed url   pathname: 'masonry-layout@^4.2.0',
129 verbose parsed url   path: 'masonry-layout@^4.2.0',
129 verbose parsed url   href: 'masonry-layout@^4.2.0' }
130 verbose cache add name="masonry-layout" spec="^4.2.0" args=["masonry-layout","^4.2.0"]
131 verbose parsed url { protocol: null,
131 verbose parsed url   slashes: null,
131 verbose parsed url   auth: null,
131 verbose parsed url   host: null,
131 verbose parsed url   port: null,
131 verbose parsed url   hostname: null,
131 verbose parsed url   hash: null,
131 verbose parsed url   search: null,
131 verbose parsed url   query: null,
131 verbose parsed url   pathname: '^4.2.0',
131 verbose parsed url   path: '^4.2.0',
131 verbose parsed url   href: '^4.2.0' }
132 verbose addNamed [ 'masonry-layout', '^4.2.0' ]
133 verbose addNamed [ null, null ]
134 verbose cache add [ 'node-sass@^4.9.0', null ]
135 verbose cache add name=undefined spec="node-sass@^4.9.0" args=["node-sass@^4.9.0",null]
136 verbose parsed url { protocol: null,
136 verbose parsed url   slashes: null,
136 verbose parsed url   auth: null,
136 verbose parsed url   host: null,
136 verbose parsed url   port: null,
136 verbose parsed url   hostname: null,
136 verbose parsed url   hash: null,
136 verbose parsed url   search: null,
136 verbose parsed url   query: null,
136 verbose parsed url   pathname: 'node-sass@^4.9.0',
136 verbose parsed url   path: 'node-sass@^4.9.0',
136 verbose parsed url   href: 'node-sass@^4.9.0' }
137 verbose cache add name="node-sass" spec="^4.9.0" args=["node-sass","^4.9.0"]
138 verbose parsed url { protocol: null,
138 verbose parsed url   slashes: null,
138 verbose parsed url   auth: null,
138 verbose parsed url   host: null,
138 verbose parsed url   port: null,
138 verbose parsed url   hostname: null,
138 verbose parsed url   hash: null,
138 verbose parsed url   search: null,
138 verbose parsed url   query: null,
138 verbose parsed url   pathname: '^4.9.0',
138 verbose parsed url   path: '^4.9.0',
138 verbose parsed url   href: '^4.9.0' }
139 verbose addNamed [ 'node-sass', '^4.9.0' ]
140 verbose addNamed [ null, null ]
141 verbose cache add [ 'popper.js@^1.14.3', null ]
142 verbose cache add name=undefined spec="popper.js@^1.14.3" args=["popper.js@^1.14.3",null]
143 verbose parsed url { protocol: null,
143 verbose parsed url   slashes: null,
143 verbose parsed url   auth: null,
143 verbose parsed url   host: null,
143 verbose parsed url   port: null,
143 verbose parsed url   hostname: null,
143 verbose parsed url   hash: null,
143 verbose parsed url   search: null,
143 verbose parsed url   query: null,
143 verbose parsed url   pathname: 'popper.js@^1.14.3',
143 verbose parsed url   path: 'popper.js@^1.14.3',
143 verbose parsed url   href: 'popper.js@^1.14.3' }
144 verbose cache add name="popper.js" spec="^1.14.3" args=["popper.js","^1.14.3"]
145 verbose parsed url { protocol: null,
145 verbose parsed url   slashes: null,
145 verbose parsed url   auth: null,
145 verbose parsed url   host: null,
145 verbose parsed url   port: null,
145 verbose parsed url   hostname: null,
145 verbose parsed url   hash: null,
145 verbose parsed url   search: null,
145 verbose parsed url   query: null,
145 verbose parsed url   pathname: '^1.14.3',
145 verbose parsed url   path: '^1.14.3',
145 verbose parsed url   href: '^1.14.3' }
146 verbose addNamed [ 'popper.js', '^1.14.3' ]
147 verbose addNamed [ null, null ]
148 silly lockFile 91b01157-uppy-0-24-2 uppy@^0.24.2
149 verbose lock uppy@^0.24.2 /root/.npm/91b01157-uppy-0-24-2.lock
150 silly lockFile b9c2901c-simplemde-1-11-2 simplemde@^1.11.2
151 verbose lock simplemde@^1.11.2 /root/.npm/b9c2901c-simplemde-1-11-2.lock
152 silly lockFile 72aa503d-smooth-scroll-14-2-0 smooth-scroll@^14.2.0
153 verbose lock smooth-scroll@^14.2.0 /root/.npm/72aa503d-smooth-scroll-14-2-0.lock
154 silly lockFile 23c9c57a-ajv-6-10-2 ajv@^6.10.2
155 verbose lock ajv@^6.10.2 /root/.npm/23c9c57a-ajv-6-10-2.lock
156 silly lockFile 79bc68a0-ajv-keywords-3-4-0 ajv-keywords@^3.4.0
157 verbose lock ajv-keywords@^3.4.0 /root/.npm/79bc68a0-ajv-keywords-3-4-0.lock
158 silly lockFile ce0e20bc-npm-6-1-0 npm@^6.1.0
159 verbose lock npm@^6.1.0 /root/.npm/ce0e20bc-npm-6-1-0.lock
160 silly lockFile 2bfc83c9-autosize-4-0-2 autosize@^4.0.2
161 verbose lock autosize@^4.0.2 /root/.npm/2bfc83c9-autosize-4-0-2.lock
162 silly lockFile 5fa856c5-bootstrap-4-1-1 bootstrap@^4.1.1
163 verbose lock bootstrap@^4.1.1 /root/.npm/5fa856c5-bootstrap-4-1-1.lock
164 silly lockFile cc04b665-chart-js-2-7-2 chart.js@^2.7.2
165 verbose lock chart.js@^2.7.2 /root/.npm/cc04b665-chart-js-2-7-2.lock
166 silly lockFile 7803ec69-clipboard-1-7-1 clipboard@^1.7.1
167 verbose lock clipboard@^1.7.1 /root/.npm/7803ec69-clipboard-1-7-1.lock
168 silly lockFile 9cf0f555-cross-env-5-1-6 cross-env@^5.1.6
169 verbose lock cross-env@^5.1.6 /root/.npm/9cf0f555-cross-env-5-1-6.lock
170 silly lockFile 03a65bed-font-awesome-4-7-0 font-awesome@^4.7.0
171 verbose lock font-awesome@^4.7.0 /root/.npm/03a65bed-font-awesome-4-7-0.lock
172 silly lockFile 15ca9938-highlight-js-9-12-0 highlight.js@^9.12.0
173 verbose lock highlight.js@^9.12.0 /root/.npm/15ca9938-highlight-js-9-12-0.lock
174 silly lockFile f874303d-jquery-3-2 jquery@^3.2
175 verbose lock jquery@^3.2 /root/.npm/f874303d-jquery-3-2.lock
176 silly lockFile 28cfb6dc-jquery-bridget-2-0-1 jquery-bridget@^2.0.1
177 verbose lock jquery-bridget@^2.0.1 /root/.npm/28cfb6dc-jquery-bridget-2-0-1.lock
178 silly lockFile 8e3b609c-laravel-mix-1-0 laravel-mix@^1.0
179 verbose lock laravel-mix@^1.0 /root/.npm/8e3b609c-laravel-mix-1-0.lock
180 silly lockFile ebd35bd9-masonry-layout-4-2-0 masonry-layout@^4.2.0
181 verbose lock masonry-layout@^4.2.0 /root/.npm/ebd35bd9-masonry-layout-4-2-0.lock
182 silly lockFile 2767bcf9-magnific-popup-1-1-0 magnific-popup@^1.1.0
183 verbose lock magnific-popup@^1.1.0 /root/.npm/2767bcf9-magnific-popup-1-1-0.lock
184 silly lockFile a71ba3f4-node-sass-4-9-0 node-sass@^4.9.0
185 verbose lock node-sass@^4.9.0 /root/.npm/a71ba3f4-node-sass-4-9-0.lock
186 silly lockFile 31eab638-popper-js-1-14-3 popper.js@^1.14.3
187 verbose lock popper.js@^1.14.3 /root/.npm/31eab638-popper-js-1-14-3.lock
188 silly addNameRange { name: 'uppy', range: '*', hasData: false }
189 silly addNameRange { name: 'simplemde', range: '*', hasData: false }
190 silly addNameRange { name: 'smooth-scroll', range: '*', hasData: false }
191 silly addNameRange { name: 'ajv', range: '*', hasData: false }
192 silly addNameRange { name: 'ajv-keywords', range: '*', hasData: false }
193 silly addNameRange { name: 'npm', range: '*', hasData: false }
194 silly addNameRange { name: 'autosize', range: '*', hasData: false }
195 silly addNameRange { name: 'bootstrap', range: '*', hasData: false }
196 silly addNameRange { name: 'chart.js', range: '*', hasData: false }
197 silly addNameRange { name: 'clipboard', range: '*', hasData: false }
198 silly addNameRange { name: 'cross-env', range: '*', hasData: false }
199 silly addNameRange { name: 'font-awesome', range: '*', hasData: false }
200 silly addNameRange { name: 'highlight.js', range: '*', hasData: false }
201 silly addNameRange { name: 'jquery', range: '*', hasData: false }
202 silly addNameRange { name: 'jquery-bridget', range: '*', hasData: false }
203 silly addNameRange { name: 'laravel-mix', range: '*', hasData: false }
204 silly addNameRange { name: 'masonry-layout', range: '*', hasData: false }
205 silly addNameRange { name: 'magnific-popup', range: '*', hasData: false }
206 silly addNameRange { name: 'node-sass', range: '*', hasData: false }
207 silly addNameRange { name: 'popper.js', range: '*', hasData: false }
208 verbose url raw uppy
209 verbose url resolving [ 'https://registry.npmjs.org/', './uppy' ]
210 verbose url resolved https://registry.npmjs.org/uppy
211 info trying registry request attempt 1 at 15:35:02
212 http GET https://registry.npmjs.org/uppy
213 verbose url raw simplemde
214 verbose url resolving [ 'https://registry.npmjs.org/', './simplemde' ]
215 verbose url resolved https://registry.npmjs.org/simplemde
216 info trying registry request attempt 1 at 15:35:02
217 http GET https://registry.npmjs.org/simplemde
218 verbose url raw smooth-scroll
219 verbose url resolving [ 'https://registry.npmjs.org/', './smooth-scroll' ]
220 verbose url resolved https://registry.npmjs.org/smooth-scroll
221 info trying registry request attempt 1 at 15:35:02
222 http GET https://registry.npmjs.org/smooth-scroll
223 verbose url raw ajv
224 verbose url resolving [ 'https://registry.npmjs.org/', './ajv' ]
225 verbose url resolved https://registry.npmjs.org/ajv
226 info trying registry request attempt 1 at 15:35:02
227 http GET https://registry.npmjs.org/ajv
228 verbose url raw ajv-keywords
229 verbose url resolving [ 'https://registry.npmjs.org/', './ajv-keywords' ]
230 verbose url resolved https://registry.npmjs.org/ajv-keywords
231 info trying registry request attempt 1 at 15:35:02
232 http GET https://registry.npmjs.org/ajv-keywords
233 verbose url raw npm
234 verbose url resolving [ 'https://registry.npmjs.org/', './npm' ]
235 verbose url resolved https://registry.npmjs.org/npm
236 info trying registry request attempt 1 at 15:35:02
237 http GET https://registry.npmjs.org/npm
238 verbose url raw autosize
239 verbose url resolving [ 'https://registry.npmjs.org/', './autosize' ]
240 verbose url resolved https://registry.npmjs.org/autosize
241 info trying registry request attempt 1 at 15:35:02
242 http GET https://registry.npmjs.org/autosize
243 verbose url raw bootstrap
244 verbose url resolving [ 'https://registry.npmjs.org/', './bootstrap' ]
245 verbose url resolved https://registry.npmjs.org/bootstrap
246 info trying registry request attempt 1 at 15:35:02
247 http GET https://registry.npmjs.org/bootstrap
248 verbose url raw chart.js
249 verbose url resolving [ 'https://registry.npmjs.org/', './chart.js' ]
250 verbose url resolved https://registry.npmjs.org/chart.js
251 info trying registry request attempt 1 at 15:35:02
252 http GET https://registry.npmjs.org/chart.js
253 verbose url raw clipboard
254 verbose url resolving [ 'https://registry.npmjs.org/', './clipboard' ]
255 verbose url resolved https://registry.npmjs.org/clipboard
256 info trying registry request attempt 1 at 15:35:02
257 http GET https://registry.npmjs.org/clipboard
258 verbose url raw cross-env
259 verbose url resolving [ 'https://registry.npmjs.org/', './cross-env' ]
260 verbose url resolved https://registry.npmjs.org/cross-env
261 info trying registry request attempt 1 at 15:35:02
262 http GET https://registry.npmjs.org/cross-env
263 verbose url raw font-awesome
264 verbose url resolving [ 'https://registry.npmjs.org/', './font-awesome' ]
265 verbose url resolved https://registry.npmjs.org/font-awesome
266 info trying registry request attempt 1 at 15:35:02
267 http GET https://registry.npmjs.org/font-awesome
268 verbose url raw highlight.js
269 verbose url resolving [ 'https://registry.npmjs.org/', './highlight.js' ]
270 verbose url resolved https://registry.npmjs.org/highlight.js
271 info trying registry request attempt 1 at 15:35:02
272 http GET https://registry.npmjs.org/highlight.js
273 verbose url raw jquery
274 verbose url resolving [ 'https://registry.npmjs.org/', './jquery' ]
275 verbose url resolved https://registry.npmjs.org/jquery
276 info trying registry request attempt 1 at 15:35:02
277 http GET https://registry.npmjs.org/jquery
278 verbose url raw jquery-bridget
279 verbose url resolving [ 'https://registry.npmjs.org/', './jquery-bridget' ]
280 verbose url resolved https://registry.npmjs.org/jquery-bridget
281 info trying registry request attempt 1 at 15:35:02
282 http GET https://registry.npmjs.org/jquery-bridget
283 verbose url raw laravel-mix
284 verbose url resolving [ 'https://registry.npmjs.org/', './laravel-mix' ]
285 verbose url resolved https://registry.npmjs.org/laravel-mix
286 info trying registry request attempt 1 at 15:35:02
287 http GET https://registry.npmjs.org/laravel-mix
288 verbose url raw masonry-layout
289 verbose url resolving [ 'https://registry.npmjs.org/', './masonry-layout' ]
290 verbose url resolved https://registry.npmjs.org/masonry-layout
291 info trying registry request attempt 1 at 15:35:02
292 http GET https://registry.npmjs.org/masonry-layout
293 verbose url raw magnific-popup
294 verbose url resolving [ 'https://registry.npmjs.org/', './magnific-popup' ]
295 verbose url resolved https://registry.npmjs.org/magnific-popup
296 info trying registry request attempt 1 at 15:35:02
297 http GET https://registry.npmjs.org/magnific-popup
298 verbose url raw node-sass
299 verbose url resolving [ 'https://registry.npmjs.org/', './node-sass' ]
300 verbose url resolved https://registry.npmjs.org/node-sass
301 info trying registry request attempt 1 at 15:35:02
302 http GET https://registry.npmjs.org/node-sass
303 verbose url raw popper.js
304 verbose url resolving [ 'https://registry.npmjs.org/', './popper.js' ]
305 verbose url resolved https://registry.npmjs.org/popper.js
306 info trying registry request attempt 1 at 15:35:02
307 http GET https://registry.npmjs.org/popper.js
308 info retry will retry, error on last attempt: Error: getaddrinfo ENOTFOUND
309 info retry will retry, error on last attempt: Error: getaddrinfo ENOTFOUND
310 info retry will retry, error on last attempt: Error: getaddrinfo ENOTFOUND
311 info retry will retry, error on last attempt: Error: getaddrinfo ENOTFOUND
312 info retry will retry, error on last attempt: Error: getaddrinfo ENOTFOUND
313 info retry will retry, error on last attempt: Error: CERT_UNTRUSTED
314 info retry will retry, error on last attempt: Error: CERT_UNTRUSTED
315 info retry will retry, error on last attempt: Error: CERT_UNTRUSTED
316 info retry will retry, error on last attempt: Error: CERT_UNTRUSTED
317 info retry will retry, error on last attempt: Error: CERT_UNTRUSTED
318 info retry will retry, error on last attempt: Error: CERT_UNTRUSTED
319 info retry will retry, error on last attempt: Error: CERT_UNTRUSTED
320 info retry will retry, error on last attempt: Error: CERT_UNTRUSTED
321 info retry will retry, error on last attempt: Error: CERT_UNTRUSTED
322 info retry will retry, error on last attempt: Error: CERT_UNTRUSTED
323 info retry will retry, error on last attempt: Error: CERT_UNTRUSTED
324 info retry will retry, error on last attempt: Error: CERT_UNTRUSTED
325 info retry will retry, error on last attempt: Error: CERT_UNTRUSTED
326 info retry will retry, error on last attempt: Error: CERT_UNTRUSTED
327 info retry will retry, error on last attempt: Error: CERT_UNTRUSTED
328 info trying registry request attempt 2 at 15:35:12
329 http GET https://registry.npmjs.org/uppy
330 info trying registry request attempt 2 at 15:35:12
331 http GET https://registry.npmjs.org/simplemde
332 info trying registry request attempt 2 at 15:35:12
333 http GET https://registry.npmjs.org/smooth-scroll
334 info trying registry request attempt 2 at 15:35:12
335 http GET https://registry.npmjs.org/ajv
336 info trying registry request attempt 2 at 15:35:12
337 http GET https://registry.npmjs.org/ajv-keywords
338 info trying registry request attempt 2 at 15:35:13
339 http GET https://registry.npmjs.org/chart.js
340 info retry will retry, error on last attempt: Error: CERT_UNTRUSTED
341 info retry will retry, error on last attempt: Error: CERT_UNTRUSTED
342 info trying registry request attempt 2 at 15:35:13
343 http GET https://registry.npmjs.org/npm
344 info trying registry request attempt 2 at 15:35:13
345 http GET https://registry.npmjs.org/bootstrap
346 info retry will retry, error on last attempt: Error: CERT_UNTRUSTED
347 info retry will retry, error on last attempt: Error: CERT_UNTRUSTED
348 info retry will retry, error on last attempt: Error: CERT_UNTRUSTED
349 info trying registry request attempt 2 at 15:35:13
350 http GET https://registry.npmjs.org/autosize
351 info trying registry request attempt 2 at 15:35:14
352 http GET https://registry.npmjs.org/clipboard
353 info retry will retry, error on last attempt: Error: CERT_UNTRUSTED
354 info trying registry request attempt 2 at 15:35:14
355 http GET https://registry.npmjs.org/font-awesome
356 info trying registry request attempt 2 at 15:35:14
357 http GET https://registry.npmjs.org/cross-env
358 info retry will retry, error on last attempt: Error: CERT_UNTRUSTED
359 info trying registry request attempt 2 at 15:35:14
360 http GET https://registry.npmjs.org/highlight.js
361 info retry will retry, error on last attempt: Error: CERT_UNTRUSTED
362 info trying registry request attempt 2 at 15:35:14
363 http GET https://registry.npmjs.org/jquery-bridget
364 info retry will retry, error on last attempt: Error: CERT_UNTRUSTED
365 info retry will retry, error on last attempt: Error: CERT_UNTRUSTED
366 info trying registry request attempt 2 at 15:35:14
367 http GET https://registry.npmjs.org/jquery
368 info trying registry request attempt 2 at 15:35:15
369 http GET https://registry.npmjs.org/laravel-mix
370 info retry will retry, error on last attempt: Error: CERT_UNTRUSTED
371 info trying registry request attempt 2 at 15:35:15
372 http GET https://registry.npmjs.org/magnific-popup
373 info trying registry request attempt 2 at 15:35:15
374 http GET https://registry.npmjs.org/masonry-layout
375 info retry will retry, error on last attempt: Error: CERT_UNTRUSTED
376 info retry will retry, error on last attempt: Error: CERT_UNTRUSTED
377 info trying registry request attempt 2 at 15:35:15
378 http GET https://registry.npmjs.org/node-sass
379 info retry will retry, error on last attempt: Error: CERT_UNTRUSTED
380 info trying registry request attempt 2 at 15:35:15
381 http GET https://registry.npmjs.org/popper.js
382 info retry will retry, error on last attempt: Error: CERT_UNTRUSTED
383 info retry will retry, error on last attempt: Error: CERT_UNTRUSTED
384 info retry will retry, error on last attempt: Error: CERT_UNTRUSTED
385 info retry will retry, error on last attempt: Error: CERT_UNTRUSTED
386 info retry will retry, error on last attempt: Error: CERT_UNTRUSTED
387 info retry will retry, error on last attempt: Error: CERT_UNTRUSTED
388 info trying registry request attempt 3 at 15:36:13
389 http GET https://registry.npmjs.org/ajv
390 info trying registry request attempt 3 at 15:36:13
391 http GET https://registry.npmjs.org/uppy
392 info trying registry request attempt 3 at 15:36:13
393 http GET https://registry.npmjs.org/ajv-keywords
394 info trying registry request attempt 3 at 15:36:13
395 http GET https://registry.npmjs.org/simplemde
396 info trying registry request attempt 3 at 15:36:13
397 http GET https://registry.npmjs.org/smooth-scroll
398 info trying registry request attempt 3 at 15:36:14
399 http GET https://registry.npmjs.org/npm
400 silly lockFile 91b01157-uppy-0-24-2 uppy@^0.24.2
401 silly lockFile 91b01157-uppy-0-24-2 uppy@^0.24.2
402 error Error: CERT_UNTRUSTED
402 error     at SecurePair.<anonymous> (tls.js:1349:32)
402 error     at SecurePair.EventEmitter.emit (events.js:92:17)
402 error     at SecurePair.maybeInitFinished (tls.js:962:10)
402 error     at CleartextStream.read [as _read] (tls.js:463:15)
402 error     at CleartextStream.Readable.read (_stream_readable.js:320:10)
402 error     at EncryptedStream.write [as _write] (tls.js:366:25)
402 error     at doWrite (_stream_writable.js:219:10)
402 error     at writeOrBuffer (_stream_writable.js:209:5)
402 error     at EncryptedStream.Writable.write (_stream_writable.js:180:11)
402 error     at write (_stream_readable.js:573:24)
402 error     at flow (_stream_readable.js:582:7)
402 error     at Socket.pipeOnReadable (_stream_readable.js:614:5)
403 error If you need help, you may report this log at:
403 error     <http://github.com/isaacs/npm/issues>
403 error or email it to:
403 error     <npm-@googlegroups.com>
404 error System Linux 5.3.0-3parrot3-amd64
405 error command "/root/.nvm/v0.10.13/bin/node" "/root/.nvm/v0.10.13/bin/npm" "install"
406 error cwd /opt/lampp/htdocs/shf
407 error node -v v0.10.13
408 error npm -v 1.3.2
409 verbose exit [ 1, true ]
